# JRE version: OpenJDK Runtime Environment (11.0.10) (build 11.0.10+0-b96-7249189)
# Java VM: OpenJDK 64-Bit Server VM (11.0.10+0-b96-7249189, mixed mode, tiered, compressed oops, g1 gc, windows-amd64)
Heap:
 garbage-first heap   total 541696K, used 351692K [0x0000000080000000, 0x0000000100000000)
  region size 1024K, 201 young (205824K), 1 survivors (1024K)
 Metaspace       used 131872K, capacity 135901K, committed 136192K, reserved 1167360K
  class space    used 16487K, capacity 17865K, committed 17920K, reserved 1048576K
GC Heap History (20 events):
Event: 3220.945 GC heap before
{Heap before GC invocations=109 (full 0):
 garbage-first heap   total 375808K, used 285487K [0x0000000080000000, 0x0000000100000000)
  region size 1024K, 60 young (61440K), 6 survivors (6144K)
 Metaspace       used 127039K, capacity 130780K, committed 130944K, reserved 1163264K
  class space    used 15966K, capacity 17241K, committed 17280K, reserved 1048576K
}
Event: 3220.971 GC heap after
{Heap after GC invocations=110 (full 0):
 garbage-first heap   total 375808K, used 235691K [0x0000000080000000, 0x0000000100000000)
  region size 1024K, 6 young (6144K), 6 survivors (6144K)
 Metaspace       used 127039K, capacity 130780K, committed 130944K, reserved 1163264K
  class space    used 15966K, capacity 17241K, committed 17280K, reserved 1048576K
}
Event: 3221.342 GC heap before
{Heap before GC invocations=110 (full 0):
 garbage-first heap   total 375808K, used 251051K [0x0000000080000000, 0x0000000100000000)
  region size 1024K, 18 young (18432K), 6 survivors (6144K)
 Metaspace       used 127199K, capacity 130998K, committed 131328K, reserved 1163264K
  class space    used 15985K, capacity 17289K, committed 17408K, reserved 1048576K
}
Event: 3221.372 GC heap after
{Heap after GC invocations=111 (full 0):
 garbage-first heap   total 541696K, used 228786K [0x0000000080000000, 0x0000000100000000)
  region size 1024K, 2 young (2048K), 2 survivors (2048K)
 Metaspace       used 127199K, capacity 130998K, committed 131328K, reserved 1163264K
  class space    used 15985K, capacity 17289K, committed 17408K, reserved 1048576K
}
Event: 3221.770 GC heap before
{Heap before GC invocations=111 (full 0):
 garbage-first heap   total 541696K, used 240050K [0x0000000080000000, 0x0000000100000000)
  region size 1024K, 14 young (14336K), 2 survivors (2048K)
 Metaspace       used 127203K, capacity 131002K, committed 131328K, reserved 1163264K
  class space    used 15986K, capacity 17290K, committed 17408K, reserved 1048576K
}
Event: 3221.777 GC heap after
{Heap after GC invocations=112 (full 0):
 garbage-first heap   total 541696K, used 229056K [0x0000000080000000, 0x0000000100000000)
  region size 1024K, 2 young (2048K), 2 survivors (2048K)
 Metaspace       used 127203K, capacity 131002K, committed 131328K, reserved 1163264K
  class space    used 15986K, capacity 17290K, committed 17408K, reserved 1048576K
}
Event: 3222.774 GC heap before
{Heap before GC invocations=113 (full 0):
 garbage-first heap   total 541696K, used 253632K [0x0000000080000000, 0x0000000100000000)
  region size 1024K, 22 young (22528K), 2 survivors (2048K)
 Metaspace       used 127483K, capacity 131242K, committed 131584K, reserved 1163264K
  class space    used 16009K, capacity 17305K, committed 17408K, reserved 1048576K
}
Event: 3222.781 GC heap after
{Heap after GC invocations=114 (full 0):
 garbage-first heap   total 541696K, used 237468K [0x0000000080000000, 0x0000000100000000)
  region size 1024K, 5 young (5120K), 5 survivors (5120K)
 Metaspace       used 127483K, capacity 131242K, committed 131584K, reserved 1163264K
  class space    used 16009K, capacity 17305K, committed 17408K, reserved 1048576K
}
Event: 3223.683 GC heap before
{Heap before GC invocations=115 (full 0):
 garbage-first heap   total 541696K, used 320412K [0x0000000080000000, 0x0000000100000000)
  region size 1024K, 79 young (80896K), 5 survivors (5120K)
 Metaspace       used 127668K, capacity 131467K, committed 131584K, reserved 1163264K
  class space    used 16026K, capacity 17313K, committed 17408K, reserved 1048576K
}
Event: 3223.709 GC heap after
{Heap after GC invocations=116 (full 0):
 garbage-first heap   total 541696K, used 256882K [0x0000000080000000, 0x0000000100000000)
  region size 1024K, 15 young (15360K), 15 survivors (15360K)
 Metaspace       used 127668K, capacity 131467K, committed 131584K, reserved 1163264K
  class space    used 16026K, capacity 17313K, committed 17408K, reserved 1048576K
}
Event: 3268.284 GC heap before
{Heap before GC invocations=117 (full 0):
 garbage-first heap   total 541696K, used 366450K [0x0000000080000000, 0x0000000100000000)
  region size 1024K, 116 young (118784K), 15 survivors (15360K)
 Metaspace       used 128246K, capacity 132208K, committed 132480K, reserved 1165312K
  class space    used 16088K, capacity 17441K, committed 17536K, reserved 1048576K
}
Event: 3268.296 GC heap after
{Heap after GC invocations=118 (full 0):
 garbage-first heap   total 541696K, used 231288K [0x0000000080000000, 0x0000000100000000)
  region size 1024K, 3 young (3072K), 3 survivors (3072K)
 Metaspace       used 128246K, capacity 132208K, committed 132480K, reserved 1165312K
  class space    used 16088K, capacity 17441K, committed 17536K, reserved 1048576K
}
Event: 3271.141 GC heap before
{Heap before GC invocations=118 (full 0):
 garbage-first heap   total 541696K, used 292728K [0x0000000080000000, 0x0000000100000000)
  region size 1024K, 65 young (66560K), 3 survivors (3072K)
 Metaspace       used 128464K, capacity 132395K, committed 132480K, reserved 1165312K
  class space    used 16100K, capacity 17453K, committed 17536K, reserved 1048576K
}
Event: 3271.168 GC heap after
{Heap after GC invocations=119 (full 0):
 garbage-first heap   total 541696K, used 242101K [0x0000000080000000, 0x0000000100000000)
  region size 1024K, 14 young (14336K), 14 survivors (14336K)
 Metaspace       used 128464K, capacity 132395K, committed 132480K, reserved 1165312K
  class space    used 16100K, capacity 17453K, committed 17536K, reserved 1048576K
}
Event: 3273.507 GC heap before
{Heap before GC invocations=120 (full 0):
 garbage-first heap   total 541696K, used 398773K [0x0000000080000000, 0x0000000100000000)
  region size 1024K, 173 young (177152K), 14 survivors (14336K)
 Metaspace       used 128590K, capacity 132465K, committed 132736K, reserved 1165312K
  class space    used 16100K, capacity 17453K, committed 17536K, reserved 1048576K
}
Event: 3273.521 GC heap after
{Heap after GC invocations=121 (full 0):
 garbage-first heap   total 541696K, used 209018K [0x0000000080000000, 0x0000000100000000)
  region size 1024K, 7 young (7168K), 7 survivors (7168K)
 Metaspace       used 128590K, capacity 132465K, committed 132736K, reserved 1165312K
  class space    used 16100K, capacity 17453K, committed 17536K, reserved 1048576K
}
Event: 3273.628 GC heap before
{Heap before GC invocations=121 (full 0):
 garbage-first heap   total 541696K, used 228474K [0x0000000080000000, 0x0000000100000000)
  region size 1024K, 26 young (26624K), 7 survivors (7168K)
 Metaspace       used 128622K, capacity 132465K, committed 132736K, reserved 1165312K
  class space    used 16100K, capacity 17453K, committed 17536K, reserved 1048576K
}
Event: 3273.643 GC heap after
{Heap after GC invocations=122 (full 0):
 garbage-first heap   total 541696K, used 158720K [0x0000000080000000, 0x0000000100000000)
  region size 1024K, 4 young (4096K), 4 survivors (4096K)
 Metaspace       used 128622K, capacity 132465K, committed 132736K, reserved 1165312K
  class space    used 16100K, capacity 17453K, committed 17536K, reserved 1048576K
}
Event: 3273.768 GC heap before
{Heap before GC invocations=122 (full 0):
 garbage-first heap   total 541696K, used 180224K [0x0000000080000000, 0x0000000100000000)
  region size 1024K, 26 young (26624K), 4 survivors (4096K)
 Metaspace       used 128643K, capacity 132593K, committed 132736K, reserved 1165312K
  class space    used 16100K, capacity 17453K, committed 17536K, reserved 1048576K
}
Event: 3273.774 GC heap after
{Heap after GC invocations=123 (full 0):
 garbage-first heap   total 541696K, used 148940K [0x0000000080000000, 0x0000000100000000)
  region size 1024K, 1 young (1024K), 1 survivors (1024K)
 Metaspace       used 128643K, capacity 132593K, committed 132736K, reserved 1165312K
  class space    used 16100K, capacity 17453K, committed 17536K, reserved 1048576K
}

